0 info it worked if it ends with ok
1 verbose cli [ 'C:\\Program Files\\nodejs\\node.exe',
1 verbose cli   'C:\\Program Files\\nodejs\\node_modules\\npm\\bin\\npm-cli.js',
1 verbose cli   'start' ]
2 info using npm@3.3.6
3 info using node@v5.0.0
4 verbose run-script [ 'prestart', 'start', 'poststart' ]
5 info lifecycle casadocodigo@1.0.0~prestart: casadocodigo@1.0.0
6 silly lifecycle casadocodigo@1.0.0~prestart: no script for prestart, continuing
7 info lifecycle casadocodigo@1.0.0~start: casadocodigo@1.0.0
8 verbose lifecycle casadocodigo@1.0.0~start: unsafe-perm in lifecycle true
9 verbose lifecycle casadocodigo@1.0.0~start: PATH: C:\Program Files\nodejs\node_modules\npm\bin\node-gyp-bin;C:\Users\Dennis\Documents\alura\carreiras\desenvolvedor front-end\Node.js\casadocodigo\node_modules\.bin;C:\ProgramData\Oracle\Java\javapath;C:\Program Files (x86)\Intel\iCLS Client\;C:\Program Files\Intel\iCLS Client\;C:\WINDOWS\system32;C:\WINDOWS;C:\WINDOWS\System32\Wbem;C:\WINDOWS\System32\WindowsPowerShell\v1.0\;C:\Program Files\Intel\Intel(R) Management Engine Components\DAL;C:\Program Files\Intel\Intel(R) Management Engine Components\IPT;C:\Program Files (x86)\Intel\Intel(R) Management Engine Components\DAL;C:\Program Files (x86)\Intel\Intel(R) Management Engine Components\IPT;C:\Program Files (x86)\NVIDIA Corporation\PhysX\Common;C:\apache-maven-3.3.9\bin;C:\Program Files\Java\jdk1.8.0_45\bin;C:\android-ndk-r10e;C:\Users\Dennis\AppData\Local\Android\sdk\tools;C:\WINDOWS\system32;C:\WINDOWS;C:\WINDOWS\System32\Wbem;C:\WINDOWS\System32\WindowsPowerShell\v1.0\;C:\Program Files\nodejs\;C:\Program Files\cURL\bin;C:\Program Files (x86)\Skype\Phone\;C:\gradle-2.12\bin;C:\Program Files (x86)\Brackets\command;C:\Program Files (x86)\Heroku\bin;C:\Program Files (x86)\git\cmd;C:\Program Files (x86)\Git\cmd;C:\Users\Dennis\AppData\Roaming\npm;%USERPROFILE%\AppData\Local\Microsoft\WindowsApps;
10 verbose lifecycle casadocodigo@1.0.0~start: CWD: C:\Users\Dennis\Documents\alura\carreiras\desenvolvedor front-end\Node.js\casadocodigo
11 silly lifecycle casadocodigo@1.0.0~start: Args: [ '/d /s /c', 'node app' ]
12 silly lifecycle casadocodigo@1.0.0~start: Returned: code: 3221225786  signal: null
13 info lifecycle casadocodigo@1.0.0~start: Failed to exec start script
14 verbose stack Error: casadocodigo@1.0.0 start: `node app`
14 verbose stack Exit status 3221225786
14 verbose stack     at EventEmitter.<anonymous> (C:\Program Files\nodejs\node_modules\npm\lib\utils\lifecycle.js:233:16)
14 verbose stack     at emitTwo (events.js:87:13)
14 verbose stack     at EventEmitter.emit (events.js:172:7)
14 verbose stack     at ChildProcess.<anonymous> (C:\Program Files\nodejs\node_modules\npm\lib\utils\spawn.js:24:14)
14 verbose stack     at emitTwo (events.js:87:13)
14 verbose stack     at ChildProcess.emit (events.js:172:7)
14 verbose stack     at maybeClose (internal/child_process.js:818:16)
14 verbose stack     at Process.ChildProcess._handle.onexit (internal/child_process.js:211:5)
15 verbose pkgid casadocodigo@1.0.0
16 verbose cwd C:\Users\Dennis\Documents\alura\carreiras\desenvolvedor front-end\Node.js\casadocodigo
17 error Windows_NT 10.0.14393
18 error argv "C:\\Program Files\\nodejs\\node.exe" "C:\\Program Files\\nodejs\\node_modules\\npm\\bin\\npm-cli.js" "start"
19 error node v5.0.0
20 error npm  v3.3.6
21 error code ELIFECYCLE
22 error casadocodigo@1.0.0 start: `node app`
22 error Exit status 3221225786
23 error Failed at the casadocodigo@1.0.0 start script 'node app'.
23 error This is most likely a problem with the casadocodigo package,
23 error not with npm itself.
23 error Tell the author that this fails on your system:
23 error     node app
23 error You can get their info via:
23 error     npm owner ls casadocodigo
23 error There is likely additional logging output above.
24 verbose exit [ 1, true ]
